TN:
SF:/Users/zhangzhuang/Downloads/geektime-webpack-course-master/code/chapter05/my-project/builder-webpack/lib/webpack.base.js
FN:131,errorPlugin
FNF:1
FNH:0
FNDA:0,errorPlugin
DA:2,1
DA:3,1
DA:4,1
DA:5,1
DA:6,1
DA:7,1
DA:8,1
DA:10,1
DA:12,1
DA:13,1
DA:14,1
DA:15,1
DA:17,1
DA:19,1
DA:22,1
DA:23,1
DA:25,1
DA:26,1
DA:45,1
DA:51,1
DA:53,1
DA:85,0
DA:132,0
DA:133,0
DA:134,0
LF:25
LH:21
BRDA:23,1,0,1
BRDA:23,1,1,1
BRDA:133,2,0,0
BRDA:133,2,1,0
BRDA:133,3,0,0
BRDA:133,3,1,0
BRDA:133,3,2,0
BRF:7
BRH:2
end_of_record
